2019-04-05 14:59:19 20 InnoDB: Warning: Using innodb_additional_mem_pool_size is DEPRECATED. This option may be removed in future releases, together with the option innodb_use_sys_malloc and with the InnoDB's internal memory allocator.
2019-04-05 14:59:19 32 [Note] InnoDB: innodb_empty_free_list_algorithm has been changed to legacy because of small buffer pool size. In order to use backoff, increase buffer pool at least up to 20MB.

2019-04-05 14:59:19 32 [Note] InnoDB: Using mutexes to ref count buffer pool pages
2019-04-05 14:59:19 32 [Note] InnoDB: The InnoDB memory heap is disabled
2019-04-05 14:59:19 32 [Note] InnoDB: Mutexes and rw_locks use Windows interlocked functions
2019-04-05 14:59:19 32 [Note] InnoDB: _mm_lfence() and _mm_sfence() are used for memory barrier
2019-04-05 14:59:19 32 [Note] InnoDB: Compressed tables use zlib 1.2.11
2019-04-05 14:59:19 32 [Note] InnoDB: Using generic crc32 instructions
2019-04-05 14:59:19 32 [Note] InnoDB: Initializing buffer pool, size = 16.0M
2019-04-05 14:59:19 32 [Note] InnoDB: Completed initialization of buffer pool
2019-04-05 14:59:20 32 [Note] InnoDB: Highest supported file format is Barracuda.
2019-04-05 14:59:20 20  InnoDB: Operating system error number 3 in a file operation.
InnoDB: The error means the system cannot find the path specified.
InnoDB: If you are installing InnoDB, remember that you must create
InnoDB: directories yourself, InnoDB does not create them.
2019-04-05 14:59:20 32 [ERROR] InnoDB: Could not find a valid tablespace file for 'cursos/mensajes'. See http://dev.mysql.com/doc/refman/5.6/en/innodb-troubleshooting-datadict.html for how to resolve the issue.
2019-04-05 14:59:20 32 [ERROR] InnoDB: Tablespace open failed for '"cursos"."mensajes"', ignored.
2019-04-05 14:59:20 20  InnoDB: Operating system error number 3 in a file operation.
InnoDB: The error means the system cannot find the path specified.
InnoDB: If you are installing InnoDB, remember that you must create
InnoDB: directories yourself, InnoDB does not create them.
2019-04-05 14:59:20 32 [ERROR] InnoDB: Could not find a valid tablespace file for 'javerim/alumnos'. See http://dev.mysql.com/doc/refman/5.6/en/innodb-troubleshooting-datadict.html for how to resolve the issue.
2019-04-05 14:59:20 32 [ERROR] InnoDB: Tablespace open failed for '"javerim"."alumnos"', ignored.
2019-04-05 14:59:20 20  InnoDB: Operating system error number 3 in a file operation.
InnoDB: The error means the system cannot find the path specified.
InnoDB: If you are installing InnoDB, remember that you must create
InnoDB: directories yourself, InnoDB does not create them.
2019-04-05 14:59:20 32 [ERROR] InnoDB: Could not find a valid tablespace file for 'javerim/asesor'. See http://dev.mysql.com/doc/refman/5.6/en/innodb-troubleshooting-datadict.html for how to resolve the issue.
2019-04-05 14:59:20 32 [ERROR] InnoDB: Tablespace open failed for '"javerim"."asesor"', ignored.
2019-04-05 14:59:20 20  InnoDB: Operating system error number 3 in a file operation.
InnoDB: The error means the system cannot find the path specified.
InnoDB: If you are installing InnoDB, remember that you must create
InnoDB: directories yourself, InnoDB does not create them.
2019-04-05 14:59:20 32 [ERROR] InnoDB: Could not find a valid tablespace file for 'javerim/cita'. See http://dev.mysql.com/doc/refman/5.6/en/innodb-troubleshooting-datadict.html for how to resolve the issue.
2019-04-05 14:59:20 32 [ERROR] InnoDB: Tablespace open failed for '"javerim"."cita"', ignored.
2019-04-05 14:59:20 20  InnoDB: Operating system error number 3 in a file operation.
InnoDB: The error means the system cannot find the path specified.
InnoDB: If you are installing InnoDB, remember that you must create
InnoDB: directories yourself, InnoDB does not create them.
2019-04-05 14:59:20 32 [ERROR] InnoDB: Could not find a valid tablespace file for 'javerim/clase'. See http://dev.mysql.com/doc/refman/5.6/en/innodb-troubleshooting-datadict.html for how to resolve the issue.
2019-04-05 14:59:20 32 [ERROR] InnoDB: Tablespace open failed for '"javerim"."clase"', ignored.
2019-04-05 14:59:20 20  InnoDB: Operating system error number 3 in a file operation.
InnoDB: The error means the system cannot find the path specified.
InnoDB: If you are installing InnoDB, remember that you must create
InnoDB: directories yourself, InnoDB does not create them.
2019-04-05 14:59:20 32 [ERROR] InnoDB: Could not find a valid tablespace file for 'javerim/sesiones'. See http://dev.mysql.com/doc/refman/5.6/en/innodb-troubleshooting-datadict.html for how to resolve the issue.
2019-04-05 14:59:20 32 [ERROR] InnoDB: Tablespace open failed for '"javerim"."sesiones"', ignored.
2019-04-05 14:59:20 20  InnoDB: Operating system error number 3 in a file operation.
InnoDB: The error means the system cannot find the path specified.
InnoDB: If you are installing InnoDB, remember that you must create
InnoDB: directories yourself, InnoDB does not create them.
2019-04-05 14:59:20 32 [ERROR] InnoDB: Could not find a valid tablespace file for 'mysql/gtid_slave_pos'. See http://dev.mysql.com/doc/refman/5.6/en/innodb-troubleshooting-datadict.html for how to resolve the issue.
2019-04-05 14:59:20 32 [ERROR] InnoDB: Tablespace open failed for '"mysql"."gtid_slave_pos"', ignored.
2019-04-05 14:59:20 20  InnoDB: Operating system error number 3 in a file operation.
InnoDB: The error means the system cannot find the path specified.
InnoDB: If you are installing InnoDB, remember that you must create
InnoDB: directories yourself, InnoDB does not create them.
2019-04-05 14:59:20 32 [ERROR] InnoDB: Could not find a valid tablespace file for 'mysql/innodb_index_stats'. See http://dev.mysql.com/doc/refman/5.6/en/innodb-troubleshooting-datadict.html for how to resolve the issue.
2019-04-05 14:59:20 32 [ERROR] InnoDB: Tablespace open failed for '"mysql"."innodb_index_stats"', ignored.
2019-04-05 14:59:20 20  InnoDB: Operating system error number 3 in a file operation.
InnoDB: The error means the system cannot find the path specified.
InnoDB: If you are installing InnoDB, remember that you must create
InnoDB: directories yourself, InnoDB does not create them.
2019-04-05 14:59:20 32 [ERROR] InnoDB: Could not find a valid tablespace file for 'mysql/innodb_table_stats'. See http://dev.mysql.com/doc/refman/5.6/en/innodb-troubleshooting-datadict.html for how to resolve the issue.
2019-04-05 14:59:20 32 [ERROR] InnoDB: Tablespace open failed for '"mysql"."innodb_table_stats"', ignored.
2019-04-05 14:59:20 20  InnoDB: Operating system error number 3 in a file operation.
InnoDB: The error means the system cannot find the path specified.
InnoDB: If you are installing InnoDB, remember that you must create
InnoDB: directories yourself, InnoDB does not create them.
2019-04-05 14:59:20 32 [ERROR] InnoDB: Could not find a valid tablespace file for 'mysql/slave_master_info'. See http://dev.mysql.com/doc/refman/5.6/en/innodb-troubleshooting-datadict.html for how to resolve the issue.
2019-04-05 14:59:20 32 [ERROR] InnoDB: Tablespace open failed for '"mysql"."slave_master_info"', ignored.
2019-04-05 14:59:20 20  InnoDB: Operating system error number 3 in a file operation.
InnoDB: The error means the system cannot find the path specified.
InnoDB: If you are installing InnoDB, remember that you must create
InnoDB: directories yourself, InnoDB does not create them.
2019-04-05 14:59:20 32 [ERROR] InnoDB: Could not find a valid tablespace file for 'mysql/slave_relay_log_info'. See http://dev.mysql.com/doc/refman/5.6/en/innodb-troubleshooting-datadict.html for how to resolve the issue.
2019-04-05 14:59:20 32 [ERROR] InnoDB: Tablespace open failed for '"mysql"."slave_relay_log_info"', ignored.
2019-04-05 14:59:20 20  InnoDB: Operating system error number 3 in a file operation.
InnoDB: The error means the system cannot find the path specified.
InnoDB: If you are installing InnoDB, remember that you must create
InnoDB: directories yourself, InnoDB does not create them.
2019-04-05 14:59:20 32 [ERROR] InnoDB: Could not find a valid tablespace file for 'mysql/slave_worker_info'. See http://dev.mysql.com/doc/refman/5.6/en/innodb-troubleshooting-datadict.html for how to resolve the issue.
2019-04-05 14:59:20 32 [ERROR] InnoDB: Tablespace open failed for '"mysql"."slave_worker_info"', ignored.
2019-04-05 14:59:20 20  InnoDB: Operating system error number 3 in a file operation.
InnoDB: The error means the system cannot find the path specified.
InnoDB: If you are installing InnoDB, remember that you must create
InnoDB: directories yourself, InnoDB does not create them.
2019-04-05 14:59:20 32 [ERROR] InnoDB: Could not find a valid tablespace file for 'phpmyadmin/pma__bookmark'. See http://dev.mysql.com/doc/refman/5.6/en/innodb-troubleshooting-datadict.html for how to resolve the issue.
2019-04-05 14:59:20 32 [ERROR] InnoDB: Tablespace open failed for '"phpmyadmin"."pma__bookmark"', ignored.
2019-04-05 14:59:20 20  InnoDB: Operating system error number 3 in a file operation.
InnoDB: The error means the system cannot find the path specified.
InnoDB: If you are installing InnoDB, remember that you must create
InnoDB: directories yourself, InnoDB does not create them.
2019-04-05 14:59:20 32 [ERROR] InnoDB: Could not find a valid tablespace file for 'phpmyadmin/pma__central_columns'. See http://dev.mysql.com/doc/refman/5.6/en/innodb-troubleshooting-datadict.html for how to resolve the issue.
2019-04-05 14:59:20 32 [ERROR] InnoDB: Tablespace open failed for '"phpmyadmin"."pma__central_columns"', ignored.
2019-04-05 14:59:20 20  InnoDB: Operating system error number 3 in a file operation.
InnoDB: The error means the system cannot find the path specified.
InnoDB: If you are installing InnoDB, remember that you must create
InnoDB: directories yourself, InnoDB does not create them.
2019-04-05 14:59:20 32 [ERROR] InnoDB: Could not find a valid tablespace file for 'phpmyadmin/pma__column_info'. See http://dev.mysql.com/doc/refman/5.6/en/innodb-troubleshooting-datadict.html for how to resolve the issue.
2019-04-05 14:59:20 32 [ERROR] InnoDB: Tablespace open failed for '"phpmyadmin"."pma__column_info"', ignored.
2019-04-05 14:59:20 20  InnoDB: Operating system error number 3 in a file operation.
InnoDB: The error means the system cannot find the path specified.
InnoDB: If you are installing InnoDB, remember that you must create
InnoDB: directories yourself, InnoDB does not create them.
2019-04-05 14:59:20 32 [ERROR] InnoDB: Could not find a valid tablespace file for 'phpmyadmin/pma__designer_settings'. See http://dev.mysql.com/doc/refman/5.6/en/innodb-troubleshooting-datadict.html for how to resolve the issue.
2019-04-05 14:59:20 32 [ERROR] InnoDB: Tablespace open failed for '"phpmyadmin"."pma__designer_settings"', ignored.
2019-04-05 14:59:20 20  InnoDB: Operating system error number 3 in a file operation.
InnoDB: The error means the system cannot find the path specified.
InnoDB: If you are installing InnoDB, remember that you must create
InnoDB: directories yourself, InnoDB does not create them.
2019-04-05 14:59:20 32 [ERROR] InnoDB: Could not find a valid tablespace file for 'phpmyadmin/pma__export_templates'. See http://dev.mysql.com/doc/refman/5.6/en/innodb-troubleshooting-datadict.html for how to resolve the issue.
2019-04-05 14:59:20 32 [ERROR] InnoDB: Tablespace open failed for '"phpmyadmin"."pma__export_templates"', ignored.
2019-04-05 14:59:20 20  InnoDB: Operating system error number 3 in a file operation.
InnoDB: The error means the system cannot find the path specified.
InnoDB: If you are installing InnoDB, remember that you must create
InnoDB: directories yourself, InnoDB does not create them.
2019-04-05 14:59:20 32 [ERROR] InnoDB: Could not find a valid tablespace file for 'phpmyadmin/pma__favorite'. See http://dev.mysql.com/doc/refman/5.6/en/innodb-troubleshooting-datadict.html for how to resolve the issue.
2019-04-05 14:59:20 32 [ERROR] InnoDB: Tablespace open failed for '"phpmyadmin"."pma__favorite"', ignored.
2019-04-05 14:59:20 20  InnoDB: Operating system error number 3 in a file operation.
InnoDB: The error means the system cannot find the path specified.
InnoDB: If you are installing InnoDB, remember that you must create
InnoDB: directories yourself, InnoDB does not create them.
2019-04-05 14:59:20 32 [ERROR] InnoDB: Could not find a valid tablespace file for 'phpmyadmin/pma__history'. See http://dev.mysql.com/doc/refman/5.6/en/innodb-troubleshooting-datadict.html for how to resolve the issue.
2019-04-05 14:59:20 32 [ERROR] InnoDB: Tablespace open failed for '"phpmyadmin"."pma__history"', ignored.
2019-04-05 14:59:20 20  InnoDB: Operating system error number 3 in a file operation.
InnoDB: The error means the system cannot find the path specified.
InnoDB: If you are installing InnoDB, remember that you must create
InnoDB: directories yourself, InnoDB does not create them.
2019-04-05 14:59:20 32 [ERROR] InnoDB: Could not find a valid tablespace file for 'phpmyadmin/pma__navigationhiding'. See http://dev.mysql.com/doc/refman/5.6/en/innodb-troubleshooting-datadict.html for how to resolve the issue.
2019-04-05 14:59:20 32 [ERROR] InnoDB: Tablespace open failed for '"phpmyadmin"."pma__navigationhiding"', ignored.
2019-04-05 14:59:20 20  InnoDB: Operating system error number 3 in a file operation.
InnoDB: The error means the system cannot find the path specified.
InnoDB: If you are installing InnoDB, remember that you must create
InnoDB: directories yourself, InnoDB does not create them.
2019-04-05 14:59:20 32 [ERROR] InnoDB: Could not find a valid tablespace file for 'phpmyadmin/pma__pdf_pages'. See http://dev.mysql.com/doc/refman/5.6/en/innodb-troubleshooting-datadict.html for how to resolve the issue.
2019-04-05 14:59:20 32 [ERROR] InnoDB: Tablespace open failed for '"phpmyadmin"."pma__pdf_pages"', ignored.
2019-04-05 14:59:20 20  InnoDB: Operating system error number 3 in a file operation.
InnoDB: The error means the system cannot find the path specified.
InnoDB: If you are installing InnoDB, remember that you must create
InnoDB: directories yourself, InnoDB does not create them.
2019-04-05 14:59:20 32 [ERROR] InnoDB: Could not find a valid tablespace file for 'phpmyadmin/pma__recent'. See http://dev.mysql.com/doc/refman/5.6/en/innodb-troubleshooting-datadict.html for how to resolve the issue.
2019-04-05 14:59:20 32 [ERROR] InnoDB: Tablespace open failed for '"phpmyadmin"."pma__recent"', ignored.
2019-04-05 14:59:20 20  InnoDB: Operating system error number 3 in a file operation.
InnoDB: The error means the system cannot find the path specified.
InnoDB: If you are installing InnoDB, remember that you must create
InnoDB: directories yourself, InnoDB does not create them.
2019-04-05 14:59:20 32 [ERROR] InnoDB: Could not find a valid tablespace file for 'phpmyadmin/pma__relation'. See http://dev.mysql.com/doc/refman/5.6/en/innodb-troubleshooting-datadict.html for how to resolve the issue.
2019-04-05 14:59:20 32 [ERROR] InnoDB: Tablespace open failed for '"phpmyadmin"."pma__relation"', ignored.
2019-04-05 14:59:20 20  InnoDB: Operating system error number 3 in a file operation.
InnoDB: The error means the system cannot find the path specified.
InnoDB: If you are installing InnoDB, remember that you must create
InnoDB: directories yourself, InnoDB does not create them.
2019-04-05 14:59:20 32 [ERROR] InnoDB: Could not find a valid tablespace file for 'phpmyadmin/pma__savedsearches'. See http://dev.mysql.com/doc/refman/5.6/en/innodb-troubleshooting-datadict.html for how to resolve the issue.
2019-04-05 14:59:20 32 [ERROR] InnoDB: Tablespace open failed for '"phpmyadmin"."pma__savedsearches"', ignored.
2019-04-05 14:59:20 20  InnoDB: Operating system error number 3 in a file operation.
InnoDB: The error means the system cannot find the path specified.
InnoDB: If you are installing InnoDB, remember that you must create
InnoDB: directories yourself, InnoDB does not create them.
2019-04-05 14:59:20 32 [ERROR] InnoDB: Could not find a valid tablespace file for 'phpmyadmin/pma__table_coords'. See http://dev.mysql.com/doc/refman/5.6/en/innodb-troubleshooting-datadict.html for how to resolve the issue.
2019-04-05 14:59:20 32 [ERROR] InnoDB: Tablespace open failed for '"phpmyadmin"."pma__table_coords"', ignored.
2019-04-05 14:59:20 20  InnoDB: Operating system error number 3 in a file operation.
InnoDB: The error means the system cannot find the path specified.
InnoDB: If you are installing InnoDB, remember that you must create
InnoDB: directories yourself, InnoDB does not create them.
2019-04-05 14:59:20 32 [ERROR] InnoDB: Could not find a valid tablespace file for 'phpmyadmin/pma__table_info'. See http://dev.mysql.com/doc/refman/5.6/en/innodb-troubleshooting-datadict.html for how to resolve the issue.
2019-04-05 14:59:20 32 [ERROR] InnoDB: Tablespace open failed for '"phpmyadmin"."pma__table_info"', ignored.
2019-04-05 14:59:20 20  InnoDB: Operating system error number 3 in a file operation.
InnoDB: The error means the system cannot find the path specified.
InnoDB: If you are installing InnoDB, remember that you must create
InnoDB: directories yourself, InnoDB does not create them.
2019-04-05 14:59:20 32 [ERROR] InnoDB: Could not find a valid tablespace file for 'phpmyadmin/pma__table_uiprefs'. See http://dev.mysql.com/doc/refman/5.6/en/innodb-troubleshooting-datadict.html for how to resolve the issue.
2019-04-05 14:59:20 32 [ERROR] InnoDB: Tablespace open failed for '"phpmyadmin"."pma__table_uiprefs"', ignored.
2019-04-05 14:59:20 20  InnoDB: Operating system error number 3 in a file operation.
InnoDB: The error means the system cannot find the path specified.
InnoDB: If you are installing InnoDB, remember that you must create
InnoDB: directories yourself, InnoDB does not create them.
2019-04-05 14:59:20 32 [ERROR] InnoDB: Could not find a valid tablespace file for 'phpmyadmin/pma__tracking'. See http://dev.mysql.com/doc/refman/5.6/en/innodb-troubleshooting-datadict.html for how to resolve the issue.
2019-04-05 14:59:20 32 [ERROR] InnoDB: Tablespace open failed for '"phpmyadmin"."pma__tracking"', ignored.
2019-04-05 14:59:20 20  InnoDB: Operating system error number 3 in a file operation.
InnoDB: The error means the system cannot find the path specified.
InnoDB: If you are installing InnoDB, remember that you must create
InnoDB: directories yourself, InnoDB does not create them.
2019-04-05 14:59:20 32 [ERROR] InnoDB: Could not find a valid tablespace file for 'phpmyadmin/pma__userconfig'. See http://dev.mysql.com/doc/refman/5.6/en/innodb-troubleshooting-datadict.html for how to resolve the issue.
2019-04-05 14:59:20 32 [ERROR] InnoDB: Tablespace open failed for '"phpmyadmin"."pma__userconfig"', ignored.
2019-04-05 14:59:20 20  InnoDB: Operating system error number 3 in a file operation.
InnoDB: The error means the system cannot find the path specified.
InnoDB: If you are installing InnoDB, remember that you must create
InnoDB: directories yourself, InnoDB does not create them.
2019-04-05 14:59:20 32 [ERROR] InnoDB: Could not find a valid tablespace file for 'phpmyadmin/pma__usergroups'. See http://dev.mysql.com/doc/refman/5.6/en/innodb-troubleshooting-datadict.html for how to resolve the issue.
2019-04-05 14:59:20 32 [ERROR] InnoDB: Tablespace open failed for '"phpmyadmin"."pma__usergroups"', ignored.
2019-04-05 14:59:20 20  InnoDB: Operating system error number 3 in a file operation.
InnoDB: The error means the system cannot find the path specified.
InnoDB: If you are installing InnoDB, remember that you must create
InnoDB: directories yourself, InnoDB does not create them.
2019-04-05 14:59:20 32 [ERROR] InnoDB: Could not find a valid tablespace file for 'phpmyadmin/pma__users'. See http://dev.mysql.com/doc/refman/5.6/en/innodb-troubleshooting-datadict.html for how to resolve the issue.
2019-04-05 14:59:20 32 [ERROR] InnoDB: Tablespace open failed for '"phpmyadmin"."pma__users"', ignored.
2019-04-05 14:59:20 32 [Note] InnoDB: 128 rollback segment(s) are active.
2019-04-05 14:59:20 32 [Note] InnoDB: Waiting for purge to start
2019-04-05 14:59:20 4724 [ERROR] InnoDB: Failed to find tablespace for table '"mysql"."innodb_index_stats"' in the cache. Attempting to load the tablespace with space id 2.
2019-04-05 14:59:20 1274  InnoDB: Operating system error number 3 in a file operation.
InnoDB: The error means the system cannot find the path specified.
2019-04-05 14:59:20 4724 [ERROR] InnoDB: Could not find a valid tablespace file for 'mysql/innodb_index_stats'. See http://dev.mysql.com/doc/refman/5.6/en/innodb-troubleshooting-datadict.html for how to resolve the issue.
2019-04-05 14:59:20 4724 [ERROR] InnoDB: Failed to find tablespace for table '"mysql"."innodb_table_stats"' in the cache. Attempting to load the tablespace with space id 1.
2019-04-05 14:59:20 1274  InnoDB: Operating system error number 3 in a file operation.
InnoDB: The error means the system cannot find the path specified.
2019-04-05 14:59:20 4724 [ERROR] InnoDB: Could not find a valid tablespace file for 'mysql/innodb_table_stats'. See http://dev.mysql.com/doc/refman/5.6/en/innodb-troubleshooting-datadict.html for how to resolve the issue.
2019-04-05 14:59:20 4724 [ERROR] InnoDB: Failed to find tablespace for table '"javerim"."asesor"' in the cache. Attempting to load the tablespace with space id 33.
2019-04-05 14:59:20 1274  InnoDB: Operating system error number 3 in a file operation.
InnoDB: The error means the system cannot find the path specified.
2019-04-05 14:59:20 4724 [ERROR] InnoDB: Could not find a valid tablespace file for 'javerim/asesor'. See http://dev.mysql.com/doc/refman/5.6/en/innodb-troubleshooting-datadict.html for how to resolve the issue.
2019-04-05 14:59:20 4724 [ERROR] InnoDB: Failed to find tablespace for table '"javerim"."clase"' in the cache. Attempting to load the tablespace with space id 37.
2019-04-05 14:59:20 1274  InnoDB: Operating system error number 3 in a file operation.
InnoDB: The error means the system cannot find the path specified.
2019-04-05 14:59:20 4724 [ERROR] InnoDB: Could not find a valid tablespace file for 'javerim/clase'. See http://dev.mysql.com/doc/refman/5.6/en/innodb-troubleshooting-datadict.html for how to resolve the issue.
2019-04-05 14:59:20 32 [Note] InnoDB:  Percona XtraDB (http://www.percona.com) 5.6.42-84.2 started; log sequence number 2539902
2019-04-05 14:59:20 5400 [Note] InnoDB: Dumping buffer pool(s) not yet started
2019-04-05 14:59:20 32 [Note] Plugin 'FEEDBACK' is disabled.
2019-04-05 14:59:20 32 [ERROR] Could not open mysql.plugin table. Some plugins may be not loaded
2019-04-05 14:59:20 32 [ERROR] Can't open and lock privilege tables: Table 'mysql.servers' doesn't exist
2019-04-05 14:59:20 32 [Note] Server socket created on IP: '::'.
2019-04-05 14:59:20 32 [ERROR] Fatal error: Can't open and lock privilege tables: Table 'mysql.user' doesn't exist
