2015-11-10 15:26:56 10fc InnoDB: Warning: Using innodb_additional_mem_pool_size is DEPRECATED. This option may be removed in future releases, together with the option innodb_use_sys_malloc and with the InnoDB's internal memory allocator.
2015-11-10 15:26:56 4348 [Note] InnoDB: Using mutexes to ref count buffer pool pages
2015-11-10 15:26:56 4348 [Note] InnoDB: The InnoDB memory heap is disabled
2015-11-10 15:26:56 4348 [Note] InnoDB: Mutexes and rw_locks use Windows interlocked functions
2015-11-10 15:26:56 4348 [Note] InnoDB: Memory barrier is not used
2015-11-10 15:26:56 4348 [Note] InnoDB: Compressed tables use zlib 1.2.3
2015-11-10 15:26:56 4348 [Note] InnoDB: Not using CPU crc32 instructions
2015-11-10 15:26:56 4348 [Note] InnoDB: Initializing buffer pool, size = 16.0M
2015-11-10 15:26:56 4348 [Note] InnoDB: Completed initialization of buffer pool
2015-11-10 15:26:56 4348 [Note] InnoDB: Highest supported file format is Barracuda.
2015-11-10 15:26:57 4348 [Note] InnoDB: 128 rollback segment(s) are active.
2015-11-10 15:26:57 4348 [Note] InnoDB: Waiting for purge to start
2015-11-10 15:26:57 4348 [Note] InnoDB:  Percona XtraDB (http://www.percona.com) 5.6.26-74.0 started; log sequence number 1835027
2015-11-10 15:26:57 6140 [Note] InnoDB: Dumping buffer pool(s) not yet started
2015-11-10 15:26:57 4348 [Note] Plugin 'FEEDBACK' is disabled.
2015-11-10 15:26:57 4348 [Note] Server socket created on IP: '::'.
2015-11-10 15:26:57 4348 [Note] Event Scheduler: Loaded 0 events
2015-11-10 15:26:57 4348 [Note] C:\xampp\mysql\bin\mysqld.exe: ready for connections.
Version: '10.1.8-MariaDB'  socket: ''  port: 3306  mariadb.org binary distribution
2015-11-10 15:27:11 5152 [Note] C:\xampp\mysql\bin\mysqld.exe: Normal shutdown

2015-11-10 15:27:11 5152 [Note] Event Scheduler: Purging the queue. 0 events
2015-11-10 15:27:11 5732 [Note] InnoDB: FTS optimize thread exiting.
2015-11-10 15:27:11 5152 [Note] InnoDB: Starting shutdown...
2015-11-10 15:27:13 5152 [Note] InnoDB: Shutdown completed; log sequence number 1835037
2015-11-10 15:27:13 5152 [Note] C:\xampp\mysql\bin\mysqld.exe: Shutdown complete

2019-03-22 12:50:37 834 InnoDB: Warning: Using innodb_additional_mem_pool_size is DEPRECATED. This option may be removed in future releases, together with the option innodb_use_sys_malloc and with the InnoDB's internal memory allocator.
2019-03-22 12:50:37 2100 [Note] InnoDB: innodb_empty_free_list_algorithm has been changed to legacy because of small buffer pool size. In order to use backoff, increase buffer pool at least up to 20MB.

2019-03-22 12:50:37 2100 [Note] InnoDB: Using mutexes to ref count buffer pool pages
2019-03-22 12:50:37 2100 [Note] InnoDB: The InnoDB memory heap is disabled
2019-03-22 12:50:37 2100 [Note] InnoDB: Mutexes and rw_locks use Windows interlocked functions
2019-03-22 12:50:37 2100 [Note] InnoDB: _mm_lfence() and _mm_sfence() are used for memory barrier
2019-03-22 12:50:37 2100 [Note] InnoDB: Compressed tables use zlib 1.2.11
2019-03-22 12:50:37 2100 [Note] InnoDB: Using generic crc32 instructions
2019-03-22 12:50:37 2100 [Note] InnoDB: Initializing buffer pool, size = 16.0M
2019-03-22 12:50:37 2100 [Note] InnoDB: Completed initialization of buffer pool
2019-03-22 12:50:38 2100 [Note] InnoDB: Highest supported file format is Barracuda.
2019-03-22 12:50:42 2100 [Note] InnoDB: 128 rollback segment(s) are active.
2019-03-22 12:50:42 2100 [Note] InnoDB: Waiting for purge to start
2019-03-22 12:50:42 2100 [Note] InnoDB:  Percona XtraDB (http://www.percona.com) 5.6.42-84.2 started; log sequence number 1835037
2019-03-22 12:50:42 3728 [Note] InnoDB: Dumping buffer pool(s) not yet started
2019-03-22 12:50:42 2100 [Note] Plugin 'FEEDBACK' is disabled.
2019-03-22 12:50:42 2100 [Note] Server socket created on IP: '::'.
2019-03-22 12:50:43 2100 [Note] C:\xampp\mysql\bin\mysqld.exe: ready for connections.
Version: '10.1.38-MariaDB'  socket: ''  port: 3306  mariadb.org binary distribution
2019-03-22 13:32:02 7348 [Note] C:\xampp\mysql\bin\mysqld.exe: Normal shutdown
2019-03-22 13:32:02 7348 [Note] Event Scheduler: Purging the queue. 0 events
2019-03-22 13:32:02 2440 [Note] InnoDB: FTS optimize thread exiting.
2019-03-22 13:32:02 7348 [Note] InnoDB: Starting shutdown...
2019-03-22 13:32:02 7348 [Note] InnoDB: Waiting for page_cleaner to finish flushing of buffer pool
2019-03-22 13:32:04 7348 [Note] InnoDB: Shutdown completed; log sequence number 1842512
2019-03-22 13:32:04 7348 [Note] C:\xampp\mysql\bin\mysqld.exe: Shutdown complete

2019-03-22 14:38:41 a88 InnoDB: Warning: Using innodb_additional_mem_pool_size is DEPRECATED. This option may be removed in future releases, together with the option innodb_use_sys_malloc and with the InnoDB's internal memory allocator.
2019-03-22 14:38:41 2696 [Note] InnoDB: innodb_empty_free_list_algorithm has been changed to legacy because of small buffer pool size. In order to use backoff, increase buffer pool at least up to 20MB.

2019-03-22 14:38:41 2696 [Note] InnoDB: Using mutexes to ref count buffer pool pages
2019-03-22 14:38:41 2696 [Note] InnoDB: The InnoDB memory heap is disabled
2019-03-22 14:38:41 2696 [Note] InnoDB: Mutexes and rw_locks use Windows interlocked functions
2019-03-22 14:38:41 2696 [Note] InnoDB: _mm_lfence() and _mm_sfence() are used for memory barrier
2019-03-22 14:38:41 2696 [Note] InnoDB: Compressed tables use zlib 1.2.11
2019-03-22 14:38:41 2696 [Note] InnoDB: Using generic crc32 instructions
2019-03-22 14:38:41 2696 [Note] InnoDB: Initializing buffer pool, size = 16.0M
2019-03-22 14:38:41 2696 [Note] InnoDB: Completed initialization of buffer pool
2019-03-22 14:38:41 2696 [Note] InnoDB: Highest supported file format is Barracuda.
2019-03-22 14:38:42 2696 [Note] InnoDB: 128 rollback segment(s) are active.
2019-03-22 14:38:42 2696 [Note] InnoDB: Waiting for purge to start
2019-03-22 14:38:42 2696 [Note] InnoDB:  Percona XtraDB (http://www.percona.com) 5.6.42-84.2 started; log sequence number 1842512
2019-03-22 14:38:42 96 [Note] InnoDB: Dumping buffer pool(s) not yet started
2019-03-22 14:38:42 2696 [Note] Plugin 'FEEDBACK' is disabled.
2019-03-22 14:38:42 2696 [Note] Server socket created on IP: '::'.
2019-03-22 14:38:43 2696 [Note] C:\xampp\mysql\bin\mysqld.exe: ready for connections.
Version: '10.1.38-MariaDB'  socket: ''  port: 3306  mariadb.org binary distribution
2019-03-22 14:59:09 4612 [Note] C:\xampp\mysql\bin\mysqld.exe: Normal shutdown
2019-03-22 14:59:09 4612 [Note] Event Scheduler: Purging the queue. 0 events
2019-03-22 14:59:09 7460 [Note] InnoDB: FTS optimize thread exiting.
2019-03-22 14:59:09 4612 [Note] InnoDB: Starting shutdown...
2019-03-22 14:59:10 4612 [Note] InnoDB: Waiting for page_cleaner to finish flushing of buffer pool
2019-03-22 14:59:11 4612 [Note] InnoDB: Shutdown completed; log sequence number 1842743
2019-03-22 14:59:11 4612 [Note] C:\xampp\mysql\bin\mysqld.exe: Shutdown complete

2019-03-22 15:05:43 1d08 InnoDB: Warning: Using innodb_additional_mem_pool_size is DEPRECATED. This option may be removed in future releases, together with the option innodb_use_sys_malloc and with the InnoDB's internal memory allocator.
2019-03-22 15:05:43 7432 [Note] InnoDB: innodb_empty_free_list_algorithm has been changed to legacy because of small buffer pool size. In order to use backoff, increase buffer pool at least up to 20MB.

2019-03-22 15:05:43 7432 [Note] InnoDB: Using mutexes to ref count buffer pool pages
2019-03-22 15:05:43 7432 [Note] InnoDB: The InnoDB memory heap is disabled
2019-03-22 15:05:43 7432 [Note] InnoDB: Mutexes and rw_locks use Windows interlocked functions
2019-03-22 15:05:43 7432 [Note] InnoDB: _mm_lfence() and _mm_sfence() are used for memory barrier
2019-03-22 15:05:43 7432 [Note] InnoDB: Compressed tables use zlib 1.2.11
2019-03-22 15:05:43 7432 [Note] InnoDB: Using generic crc32 instructions
2019-03-22 15:05:43 7432 [Note] InnoDB: Initializing buffer pool, size = 16.0M
2019-03-22 15:05:43 7432 [Note] InnoDB: Completed initialization of buffer pool
2019-03-22 15:05:43 7432 [Note] InnoDB: Highest supported file format is Barracuda.
2019-03-22 15:05:44 7432 [Note] InnoDB: 128 rollback segment(s) are active.
2019-03-22 15:05:44 7432 [Note] InnoDB: Waiting for purge to start
2019-03-22 15:05:44 7432 [Note] InnoDB:  Percona XtraDB (http://www.percona.com) 5.6.42-84.2 started; log sequence number 1842743
2019-03-22 15:05:44 4952 [Note] InnoDB: Dumping buffer pool(s) not yet started
2019-03-22 15:05:44 7432 [Note] Plugin 'FEEDBACK' is disabled.
2019-03-22 15:05:44 7432 [Note] Server socket created on IP: '::'.
2019-03-22 15:05:45 7432 [Note] C:\xampp\mysql\bin\mysqld.exe: ready for connections.
Version: '10.1.38-MariaDB'  socket: ''  port: 3306  mariadb.org binary distribution
2019-03-22 17:32:50 2652 [Note] C:\xampp\mysql\bin\mysqld.exe: Normal shutdown
2019-03-22 17:32:50 2652 [Note] Event Scheduler: Purging the queue. 0 events
2019-03-22 17:32:51 5352 [Note] InnoDB: FTS optimize thread exiting.
2019-03-22 17:32:51 2652 [Note] InnoDB: Starting shutdown...
2019-03-22 17:32:51 2652 [Note] InnoDB: Waiting for page_cleaner to finish flushing of buffer pool
2019-03-22 17:32:53 2652 [Note] InnoDB: Shutdown completed; log sequence number 1876119
2019-03-22 17:32:53 2652 [Note] C:\xampp\mysql\bin\mysqld.exe: Shutdown complete

2019-04-05 14:09:11 1bd8 InnoDB: Warning: Using innodb_additional_mem_pool_size is DEPRECATED. This option may be removed in future releases, together with the option innodb_use_sys_malloc and with the InnoDB's internal memory allocator.
2019-04-05 14:09:11 7128 [Note] InnoDB: innodb_empty_free_list_algorithm has been changed to legacy because of small buffer pool size. In order to use backoff, increase buffer pool at least up to 20MB.

2019-04-05 14:09:12 7128 [Note] InnoDB: Using mutexes to ref count buffer pool pages
2019-04-05 14:09:12 7128 [Note] InnoDB: The InnoDB memory heap is disabled
2019-04-05 14:09:12 7128 [Note] InnoDB: Mutexes and rw_locks use Windows interlocked functions
2019-04-05 14:09:12 7128 [Note] InnoDB: _mm_lfence() and _mm_sfence() are used for memory barrier
2019-04-05 14:09:12 7128 [Note] InnoDB: Compressed tables use zlib 1.2.11
2019-04-05 14:09:12 7128 [Note] InnoDB: Using generic crc32 instructions
2019-04-05 14:09:12 7128 [Note] InnoDB: Initializing buffer pool, size = 16.0M
2019-04-05 14:09:12 7128 [Note] InnoDB: Completed initialization of buffer pool
2019-04-05 14:09:12 7128 [Note] InnoDB: Highest supported file format is Barracuda.
2019-04-05 14:09:13 7128 [Note] InnoDB: 128 rollback segment(s) are active.
2019-04-05 14:09:13 7128 [Note] InnoDB: Waiting for purge to start
2019-04-05 14:09:13 7128 [Note] InnoDB:  Percona XtraDB (http://www.percona.com) 5.6.42-84.2 started; log sequence number 2530684
2019-04-05 14:09:13 6096 [Note] InnoDB: Dumping buffer pool(s) not yet started
2019-04-05 14:09:13 7128 [Note] Plugin 'FEEDBACK' is disabled.
2019-04-05 14:09:13 7128 [Note] Server socket created on IP: '::'.
2019-04-05 14:09:14 7128 [Note] C:\xampp\mysql\bin\mysqld.exe: ready for connections.
Version: '10.1.38-MariaDB'  socket: ''  port: 3306  mariadb.org binary distribution
